<?xml version="1.0" encoding="UTF-8"?>
<!-- Generated by org.testng.reporters.JUnitReportReporter -->
<testsuite hostname="LTIN509153" failures="0" tests="9" name="testRunner.TestRun" time="50.318" errors="0" timestamp="2024-04-17T22:19:17 IST" skipped="0">
  <testcase classname="testRunner.TestRun" name="runScenario" time="1.111"/>
  <system-out/>
  <testcase classname="testRunner.TestRun" name="runScenario" time="1.259"/>
  <system-out/>
  <testcase classname="testRunner.TestRun" name="runScenario" time="10.734"/>
  <system-out/>
  <testcase classname="testRunner.TestRun" name="runScenario" time="3.396"/>
  <system-out/>
  <testcase classname="testRunner.TestRun" name="runScenario" time="20.129"/>
  <system-out/>
  <testcase classname="testRunner.TestRun" name="runScenario" time="1.655"/>
  <system-out/>
  <testcase classname="testRunner.TestRun" name="runScenario" time="2.145"/>
  <system-out/>
  <testcase classname="testRunner.TestRun" name="runScenario" time="2.650"/>
  <system-out/>
  <testcase classname="testRunner.TestRun" name="runScenario" time="7.239"/>
  <system-out/>
</testsuite> <!-- testRunner.TestRun -->
